TN:
SF:app.js
FN:30,(anonymous_0)
FN:35,(anonymous_1)
FNF:2
FNH:2
FNDA:2,(anonymous_0)
FNDA:39,(anonymous_1)
DA:5,4
DA:6,4
DA:8,4
DA:10,4
DA:11,4
DA:12,4
DA:13,4
DA:15,4
DA:17,4
DA:19,4
DA:20,4
DA:21,4
DA:22,4
DA:24,4
DA:25,4
DA:26,4
DA:30,4
DA:31,2
DA:35,4
DA:36,39
DA:39,39
DA:41,39
DA:46,4
LF:23
LH:23
BRDA:36,0,0,1
BRDA:36,0,1,38
BRF:2
BRH:2
end_of_record
TN:
SF:config.js
FN:13,getDatabaseUri
FNF:1
FNH:1
FNDA:11,getDatabaseUri
DA:5,10
DA:6,10
DA:8,10
DA:10,10
DA:14,11
DA:21,10
DA:23,10
DA:24,1
DA:34,10
LF:9
LH:9
BRDA:8,0,0,10
BRDA:8,0,1,9
BRDA:10,1,0,10
BRDA:10,1,1,9
BRDA:14,2,0,8
BRDA:14,2,1,3
BRDA:16,3,0,3
BRDA:16,3,1,1
BRDA:21,4,0,9
BRDA:21,4,1,1
BRDA:23,5,0,1
BRDA:23,5,1,9
BRF:12
BRH:12
end_of_record
TN:
SF:db.js
FN:14,connectDb
FNF:1
FNH:1
FNDA:7,connectDb
DA:5,7
DA:6,7
DA:8,7
DA:10,7
DA:16,7
DA:17,7
DA:18,7
DA:19,6
DA:25,7
DA:27,7
LF:10
LH:10
BRF:0
BRH:0
end_of_record
TN:
SF:expressError.js
FN:10,(anonymous_0)
FN:20,(anonymous_1)
FN:28,(anonymous_2)
FN:36,(anonymous_3)
FN:44,(anonymous_4)
FNF:5
FNH:4
FNDA:57,(anonymous_0)
FNDA:11,(anonymous_1)
FNDA:23,(anonymous_2)
FNDA:23,(anonymous_3)
FNDA:0,(anonymous_4)
DA:11,57
DA:12,57
DA:13,57
DA:21,11
DA:29,23
DA:37,23
DA:45,0
DA:49,8
LF:8
LH:7
BRDA:20,0,0,2
BRDA:28,1,0,0
BRDA:36,2,0,0
BRDA:44,3,0,0
BRF:4
BRH:1
end_of_record
TN:
SF:helpers/sql.js
FN:18,sqlForPartialUpdate
FN:23,(anonymous_1)
FNF:2
FNH:2
FNDA:15,sqlForPartialUpdate
FNDA:25,(anonymous_1)
DA:3,7
DA:19,15
DA:20,15
DA:23,12
DA:24,25
DA:27,12
DA:33,7
LF:7
LH:7
BRDA:20,0,0,3
BRDA:20,0,1,12
BRDA:24,1,0,25
BRDA:24,1,1,12
BRF:4
BRH:4
end_of_record
TN:
SF:helpers/tokens.js
FN:8,createToken
FNF:1
FNH:1
FNDA:19,createToken
DA:3,6
DA:4,6
DA:9,19
DA:14,19
DA:17,6
LF:5
LH:5
BRF:0
BRH:0
end_of_record
TN:
SF:middleware/auth.js
FN:18,authenticateJWT
FN:38,ensureLoggedIn
FN:48,ensureAdmin
FN:59,ensureCorrectUserOrAdmin
FNF:4
FNH:4
FNDA:61,authenticateJWT
FNDA:40,ensureLoggedIn
FNDA:21,ensureAdmin
FNDA:14,ensureCorrectUserOrAdmin
DA:5,5
DA:6,5
DA:7,5
DA:19,61
DA:20,61
DA:21,32
DA:23,32
DA:24,32
DA:29,61
DA:39,40
DA:40,9
DA:49,21
DA:50,6
DA:60,14
DA:61,13
DA:63,9
DA:65,4
DA:70,5
LF:18
LH:18
BRDA:20,0,0,32
BRDA:20,0,1,29
BRDA:39,1,0,31
BRDA:39,1,1,9
BRDA:49,2,0,15
BRDA:49,2,1,6
BRDA:61,3,0,9
BRDA:61,3,1,4
BRDA:61,4,0,13
BRDA:61,4,1,13
BRDA:61,4,2,10
BRF:11
BRH:11
end_of_record
TN:
SF:models/_testCommon.js
FN:8,commonBeforeAll
FN:34,commonBeforeEach
FN:38,commonAfterEach
FN:42,commonAfterAll
FNF:4
FNH:4
FNDA:2,commonBeforeAll
FNDA:34,commonBeforeEach
FNDA:34,commonAfterEach
FNDA:2,commonAfterAll
DA:3,2
DA:5,2
DA:6,2
DA:10,2
DA:12,2
DA:14,2
DA:20,2
DA:35,34
DA:39,34
DA:43,2
DA:47,2
LF:11
LH:11
BRF:0
BRH:0
end_of_record
TN:
SF:models/company.js
FN:19,(anonymous_0)
FN:66,(anonymous_1)
FN:99,(anonymous_2)
FN:136,(anonymous_3)
FN:165,(anonymous_4)
FN:197,(anonymous_5)
FNF:6
FNH:6
FNDA:13,(anonymous_0)
FNDA:8,(anonymous_1)
FNDA:10,(anonymous_2)
FNDA:5,(anonymous_3)
FNDA:6,(anonymous_4)
FNDA:4,(anonymous_5)
DA:3,6
DA:4,6
DA:5,6
DA:20,13
DA:25,13
DA:26,1
DA:28,12
DA:48,12
DA:50,12
DA:68,8
DA:71,6
DA:74,6
DA:84,6
DA:101,10
DA:102,10
DA:104,10
DA:105,4
DA:106,4
DA:108,10
DA:109,2
DA:110,2
DA:112,10
DA:113,2
DA:114,2
DA:117,10
DA:118,6
DA:120,4
DA:123,10
DA:137,5
DA:146,5
DA:148,5
DA:150,3
DA:166,6
DA:172,5
DA:174,5
DA:184,5
DA:185,5
DA:187,5
DA:189,3
DA:198,4
DA:203,4
DA:205,4
DA:213,6
LF:43
LH:43
BRDA:25,0,0,1
BRDA:25,0,1,12
BRDA:68,1,0,2
BRDA:68,1,1,6
BRDA:104,2,0,4
BRDA:104,2,1,6
BRDA:108,3,0,2
BRDA:108,3,1,8
BRDA:112,4,0,2
BRDA:112,4,1,8
BRDA:117,5,0,6
BRDA:117,5,1,4
BRDA:148,6,0,2
BRDA:148,6,1,3
BRDA:187,7,0,2
BRDA:187,7,1,3
BRDA:205,8,0,2
BRDA:205,8,1,2
BRF:18
BRH:18
end_of_record
TN:
SF:models/user.js
FN:24,(anonymous_0)
FN:58,(anonymous_1)
FN:106,(anonymous_2)
FN:128,(anonymous_3)
FN:163,(anonymous_4)
FN:197,(anonymous_5)
FNF:6
FNH:6
FNDA:7,(anonymous_0)
FNDA:19,(anonymous_1)
FNDA:2,(anonymous_2)
FNDA:4,(anonymous_3)
FNDA:7,(anonymous_4)
FNDA:4,(anonymous_5)
DA:3,6
DA:4,6
DA:5,6
DA:10,6
DA:12,6
DA:26,7
DA:37,7
DA:39,7
DA:41,4
DA:42,4
DA:43,3
DA:44,3
DA:48,4
DA:60,19
DA:66,19
DA:67,1
DA:70,18
DA:72,18
DA:96,18
DA:98,18
DA:107,2
DA:117,2
DA:129,4
DA:139,4
DA:141,4
DA:143,3
DA:164,7
DA:165,2
DA:168,7
DA:175,6
DA:177,6
DA:186,6
DA:187,6
DA:189,6
DA:191,5
DA:192,5
DA:198,4
DA:204,4
DA:206,4
DA:211,6
LF:40
LH:40
BRDA:39,0,0,4
BRDA:39,0,1,3
BRDA:42,1,0,3
BRDA:42,1,1,1
BRDA:66,2,0,1
BRDA:66,2,1,18
BRDA:141,3,0,1
BRDA:141,3,1,3
BRDA:164,4,0,2
BRDA:164,4,1,5
BRDA:189,5,0,1
BRDA:189,5,1,5
BRDA:206,6,0,1
BRDA:206,6,1,3
BRF:14
BRH:14
end_of_record
TN:
SF:routes/_testCommon.js
FN:8,commonBeforeAll
FN:73,commonBeforeEach
FN:77,commonAfterEach
FN:81,commonAfterAll
FNF:4
FNH:4
FNDA:3,commonBeforeAll
FNDA:54,commonBeforeEach
FNDA:54,commonAfterEach
FNDA:3,commonAfterAll
DA:3,4
DA:4,4
DA:5,4
DA:6,4
DA:10,3
DA:12,3
DA:14,3
DA:22,3
DA:30,3
DA:39,3
DA:47,3
DA:55,3
DA:63,3
DA:74,54
DA:78,54
DA:82,3
DA:86,4
DA:87,4
DA:88,4
DA:90,4
LF:20
LH:20
BRF:0
BRH:0
end_of_record
TN:
SF:routes/auth.js
FN:22,(anonymous_0)
FN:29,(anonymous_1)
FN:49,(anonymous_2)
FN:56,(anonymous_3)
FNF:4
FNH:4
FNDA:5,(anonymous_0)
FNDA:2,(anonymous_1)
FNDA:3,(anonymous_2)
FNDA:5,(anonymous_3)
DA:5,4
DA:7,4
DA:8,4
DA:9,4
DA:10,4
DA:11,4
DA:12,4
DA:13,4
DA:22,4
DA:23,5
DA:28,5
DA:29,2
DA:30,2
DA:33,3
DA:34,3
DA:35,1
DA:36,1
DA:49,4
DA:50,3
DA:55,3
DA:56,5
DA:57,2
DA:60,1
DA:61,1
DA:62,1
DA:66,4
LF:26
LH:26
BRDA:28,0,0,2
BRDA:28,0,1,3
BRDA:55,1,0,2
BRDA:55,1,1,1
BRF:4
BRH:4
end_of_record
TN:
SF:routes/companies.js
FN:28,(anonymous_0)
FN:35,(anonymous_1)
FN:54,(anonymous_2)
FN:67,(anonymous_3)
FN:85,(anonymous_4)
FN:101,(anonymous_5)
FN:108,(anonymous_6)
FN:121,(anonymous_7)
FNF:8
FNH:8
FNDA:3,(anonymous_0)
FNDA:3,(anonymous_1)
FNDA:8,(anonymous_2)
FNDA:5,(anonymous_3)
FNDA:3,(anonymous_4)
FNDA:4,(anonymous_5)
FNDA:2,(anonymous_6)
FNDA:2,(anonymous_7)
DA:5,4
DA:6,4
DA:8,4
DA:9,4
DA:10,4
DA:12,4
DA:13,4
DA:14,4
DA:16,4
DA:28,4
DA:29,3
DA:34,3
DA:35,3
DA:36,2
DA:39,1
DA:40,1
DA:54,4
DA:56,8
DA:58,8
DA:59,8
DA:61,8
DA:66,8
DA:67,5
DA:68,5
DA:71,3
DA:73,2
DA:85,4
DA:86,3
DA:87,2
DA:101,4
DA:102,4
DA:107,4
DA:108,2
DA:109,2
DA:112,2
DA:113,1
DA:121,4
DA:122,2
DA:123,1
DA:127,4
LF:40
LH:40
BRDA:34,0,0,2
BRDA:34,0,1,1
BRDA:58,1,0,3
BRDA:58,1,1,5
BRDA:59,2,0,3
BRDA:59,2,1,5
BRDA:66,3,0,5
BRDA:66,3,1,3
BRDA:107,4,0,2
BRDA:107,4,1,2
BRF:10
BRH:10
end_of_record
TN:
SF:routes/users.js
FN:33,(anonymous_0)
FN:40,(anonymous_1)
FN:57,(anonymous_2)
FN:71,(anonymous_3)
FN:88,(anonymous_4)
FN:95,(anonymous_5)
FN:110,(anonymous_6)
FNF:7
FNH:7
FNDA:4,(anonymous_0)
FNDA:5,(anonymous_1)
FNDA:1,(anonymous_2)
FNDA:2,(anonymous_3)
FNDA:4,(anonymous_4)
FNDA:1,(anonymous_5)
FNDA:2,(anonymous_6)
DA:5,4
DA:7,4
DA:10,4
DA:11,4
DA:12,4
DA:13,4
DA:14,4
DA:15,4
DA:17,4
DA:33,4
DA:34,4
DA:39,4
DA:40,5
DA:41,2
DA:44,2
DA:45,2
DA:46,2
DA:57,4
DA:58,1
DA:59,1
DA:70,4
DA:72,2
DA:73,2
DA:87,4
DA:89,4
DA:94,4
DA:95,1
DA:96,1
DA:99,3
DA:100,3
DA:109,4
DA:112,2
DA:113,2
DA:118,4
LF:34
LH:34
BRDA:39,0,0,2
BRDA:39,0,1,2
BRDA:94,1,0,1
BRDA:94,1,1,3
BRF:4
BRH:4
end_of_record
